<?xml version="1.0" encoding="UTF-8"?>
<!-- Generated by org.testng.reporters.JUnitXMLReporter -->
<testsuite ignored="0" hostname="USEAVDDD01PR130" failures="0" tests="3" name="Default test" time="0.072" errors="0" timestamp="2023-01-09T19:21:57 IST">
  <testcase classname="tests.HomePageTests" name="testMethod1" time="0.016"/>
  <testcase classname="tests.HomePageTests" name="testMethod2" time="0.002"/>
  <testcase classname="tests.HomePageTests" name="testMethod3" time="0.001"/>
</testsuite> <!-- Default test -->
